0 info it worked if it ends with ok
1 verbose cli [ 'C:\\Program Files\\nodejs\\node.exe',
1 verbose cli   'C:\\Program Files\\nodejs\\node_modules\\npm\\bin\\npm-cli.js',
1 verbose cli   'run',
1 verbose cli   'build:js:dist' ]
2 info using npm@2.14.12
3 info using node@v4.3.1
4 verbose run-script [ 'prebuild:js:dist', 'build:js:dist', 'postbuild:js:dist' ]
5 info prebuild:js:dist playlister@0.1.0
6 info build:js:dist playlister@0.1.0
7 verbose unsafe-perm in lifecycle true
8 info playlister@0.1.0 Failed to exec build:js:dist script
9 verbose stack Error: playlister@0.1.0 build:js:dist: `browserify -t [ babelify --presets [ react ] ] src/main.js | uglifyjs > public/js/app.js`
9 verbose stack Exit status 255
9 verbose stack     at EventEmitter.<anonymous> (C:\Program Files\nodejs\node_modules\npm\lib\utils\lifecycle.js:214:16)
9 verbose stack     at emitTwo (events.js:87:13)
9 verbose stack     at EventEmitter.emit (events.js:172:7)
9 verbose stack     at ChildProcess.<anonymous> (C:\Program Files\nodejs\node_modules\npm\lib\utils\spawn.js:24:14)
9 verbose stack     at emitTwo (events.js:87:13)
9 verbose stack     at ChildProcess.emit (events.js:172:7)
9 verbose stack     at maybeClose (internal/child_process.js:821:16)
9 verbose stack     at Process.ChildProcess._handle.onexit (internal/child_process.js:211:5)
10 verbose pkgid playlister@0.1.0
11 verbose cwd c:\matteo\progetti\playlister
12 error Windows_NT 6.1.7601
13 error argv "C:\\Program Files\\nodejs\\node.exe" "C:\\Program Files\\nodejs\\node_modules\\npm\\bin\\npm-cli.js" "run" "build:js:dist"
14 error node v4.3.1
15 error npm  v2.14.12
16 error code ELIFECYCLE
17 error playlister@0.1.0 build:js:dist: `browserify -t [ babelify --presets [ react ] ] src/main.js | uglifyjs > public/js/app.js`
17 error Exit status 255
18 error Failed at the playlister@0.1.0 build:js:dist script 'browserify -t [ babelify --presets [ react ] ] src/main.js | uglifyjs > public/js/app.js'.
18 error This is most likely a problem with the playlister package,
18 error not with npm itself.
18 error Tell the author that this fails on your system:
18 error     browserify -t [ babelify --presets [ react ] ] src/main.js | uglifyjs > public/js/app.js
18 error You can get their info via:
18 error     npm owner ls playlister
18 error There is likely additional logging output above.
19 verbose exit [ 1, true ]
